19:13:08.724 [main] INFO  testCases.TC002_LoginTest - Validating Account Successful Login...
19:13:09.490 [main] INFO  testCases.TC002_LoginTest - ******** Finished testing TC002_LoginTest *******
17:02:36.448 [main] INFO  testCases.TC001_AccountRegistrationTest - ******** Starting TC001_AccountRegistrationTest *******
17:02:36.641 [main] INFO  testCases.TC001_AccountRegistrationTest - Clicked on MyAccount Link
17:02:37.858 [main] INFO  testCases.TC001_AccountRegistrationTest - Clicked on Register Link
17:02:37.862 [main] INFO  testCases.TC001_AccountRegistrationTest - Providing customer details...
17:02:42.859 [main] INFO  testCases.TC001_AccountRegistrationTest - Validating Account Successful Registration message...
17:02:42.925 [main] INFO  testCases.TC001_AccountRegistrationTest - ******** Finished testing TC001_AccountRegistrationTest *******
17:02:47.154 [main] INFO  testCases.TC002_LoginTest - ******** Starting TC002_LoginTest *******
17:02:47.444 [main] INFO  testCases.TC002_LoginTest - Clicked on MyAccount Link
17:02:48.409 [main] INFO  testCases.TC002_LoginTest - Clicked on Login Link
17:02:48.411 [main] INFO  testCases.TC002_LoginTest - Providing login info...
17:02:49.813 [main] INFO  testCases.TC002_LoginTest - Validating Account Successful Login...
17:02:50.713 [main] INFO  testCases.TC002_LoginTest - ******** Finished testing TC002_LoginTest *******
17:20:10.048 [main] DEBUG org.testng.TestNG - suiteXmlPath: "C:\Users\TO GOD BE THE GLORY\git\Tyler\HybridFramework\master.xml"
17:20:14.251 [main] INFO  testCases.TC001_AccountRegistrationTest - ******** Starting TC001_AccountRegistrationTest *******
17:20:14.412 [main] INFO  testCases.TC001_AccountRegistrationTest - Clicked on MyAccount Link
17:20:15.108 [main] INFO  testCases.TC001_AccountRegistrationTest - Clicked on Register Link
17:20:15.113 [main] INFO  testCases.TC001_AccountRegistrationTest - Providing customer details...
17:20:19.362 [main] INFO  testCases.TC001_AccountRegistrationTest - Validating Account Successful Registration message...
17:20:19.424 [main] INFO  testCases.TC001_AccountRegistrationTest - ******** Finished testing TC001_AccountRegistrationTest *******
17:20:23.419 [main] INFO  testCases.TC002_LoginTest - ******** Starting TC002_LoginTest *******
17:20:23.556 [main] INFO  testCases.TC002_LoginTest - Clicked on MyAccount Link
17:20:24.138 [main] INFO  testCases.TC002_LoginTest - Clicked on Login Link
17:20:24.140 [main] INFO  testCases.TC002_LoginTest - Providing login info...
17:20:25.117 [main] INFO  testCases.TC002_LoginTest - Validating Account Successful Login...
17:20:25.915 [main] INFO  testCases.TC002_LoginTest - ******** Finished testing TC002_LoginTest *******
